[2021-03-25 03:35:58][12] Processing: App\Jobs\CheckHealthJob
[2021-03-25 03:35:58][12] Failed:     App\Jobs\CheckHealthJob
[2021-03-25 03:35:58][15] Processing: App\Jobs\CheckHealthJob
[2021-03-25 03:35:58][15] Failed:     App\Jobs\CheckHealthJob
[2021-03-25 03:35:58][17] Processing: App\Jobs\CheckHealthJob
[2021-03-25 03:35:58][17] Failed:     App\Jobs\CheckHealthJob
[2021-03-25 03:35:58][18] Processing: App\Jobs\CheckHealthJob
[2021-03-25 03:35:58][18] Failed:     App\Jobs\CheckHealthJob
[2021-03-25 03:35:58][20] Processing: App\Jobs\CheckHealthJob
[2021-03-25 03:35:58][20] Failed:     App\Jobs\CheckHealthJob
[2021-03-25 03:35:58][22] Processing: App\Jobs\CheckHealthJob
[2021-03-25 03:35:58][22] Failed:     App\Jobs\CheckHealthJob
[2021-03-25 05:16:40][1] Processing: App\Jobs\CheckHealthJob
[2021-03-25 05:16:40][1] Processed:  App\Jobs\CheckHealthJob
[2021-03-25 05:16:40][2] Processing: App\Jobs\CheckHealthJob
[2021-03-25 05:16:40][2] Processed:  App\Jobs\CheckHealthJob
[2021-03-25 05:16:40][3] Processing: App\Jobs\CheckHealthJob
[2021-03-25 05:16:40][3] Processed:  App\Jobs\CheckHealthJob
[2021-03-25 05:16:40][6] Processing: App\Jobs\CheckHealthJob
[2021-03-25 05:16:41][6] Processed:  App\Jobs\CheckHealthJob
[2021-03-25 05:17:44][3] Processing: App\Jobs\CheckHealthJob
[2021-03-25 05:17:44][3] Processed:  App\Jobs\CheckHealthJob
[2021-03-25 05:17:44][4] Processing: App\Jobs\CheckHealthJob
[2021-03-25 05:17:45][4] Processed:  App\Jobs\CheckHealthJob
[2021-03-25 05:17:45][7] Processing: App\Jobs\CheckHealthJob
[2021-03-25 05:17:46][7] Processed:  App\Jobs\CheckHealthJob
[2021-03-25 05:45:27][1] Processing: App\Jobs\CheckHealthJob
[2021-03-25 05:45:27][1] Failed:     App\Jobs\CheckHealthJob
[2021-03-25 05:45:27][3] Processing: App\Jobs\CheckHealthJob
[2021-03-25 05:45:27][3] Failed:     App\Jobs\CheckHealthJob
[2021-03-25 05:45:27][4] Processing: App\Jobs\CheckHealthJob
[2021-03-25 05:45:27][4] Failed:     App\Jobs\CheckHealthJob
[2021-03-25 05:45:27][5] Processing: App\Jobs\CheckHealthJob
[2021-03-25 05:45:27][5] Failed:     App\Jobs\CheckHealthJob
[2021-03-25 05:45:27][7] Processing: App\Jobs\CheckHealthJob
[2021-03-25 05:45:27][7] Failed:     App\Jobs\CheckHealthJob
[2021-03-25 05:45:27][9] Processing: App\Jobs\CheckHealthJob
[2021-03-25 05:45:27][9] Failed:     App\Jobs\CheckHealthJob
[2021-03-25 05:45:27][11] Processing: App\Jobs\CheckHealthJob
[2021-03-25 05:45:27][11] Failed:     App\Jobs\CheckHealthJob

In AbstractConnection.php line 155:
                                                                    
  Error while reading line from the server. [tcp://127.0.0.1:6379]  
                                                                    

[2021-03-25 06:05:24][1] Processing: App\Jobs\CheckHealthJob
[2021-03-25 06:05:24][1] Processed:  App\Jobs\CheckHealthJob
[2021-03-25 06:05:24][2] Processing: App\Jobs\CheckHealthJob
[2021-03-25 06:05:24][2] Processed:  App\Jobs\CheckHealthJob
[2021-03-25 06:05:24][3] Processing: App\Jobs\CheckHealthJob
[2021-03-25 06:05:24][3] Processed:  App\Jobs\CheckHealthJob
[2021-03-25 06:05:24][4] Processing: App\Jobs\CheckHealthJob
[2021-03-25 06:05:24][4] Processed:  App\Jobs\CheckHealthJob
[2021-03-25 06:05:24][5] Processing: App\Jobs\CheckHealthJob
[2021-03-25 06:05:24][5] Processed:  App\Jobs\CheckHealthJob
[2021-03-25 06:05:24][6] Processing: App\Jobs\CheckHealthJob
[2021-03-25 06:05:25][6] Processed:  App\Jobs\CheckHealthJob
[2021-03-25 06:05:25][7] Processing: App\Jobs\CheckHealthJob
[2021-03-25 06:05:27][7] Processed:  App\Jobs\CheckHealthJob
[2021-03-25 06:05:27][8] Processing: App\Jobs\CheckHealthJob
[2021-03-25 06:05:28][8] Processed:  App\Jobs\CheckHealthJob
[2021-03-25 06:05:28][9] Processing: App\Jobs\CheckHealthJob
[2021-03-25 06:05:29][9] Processed:  App\Jobs\CheckHealthJob
[2021-03-25 06:05:29][10] Processing: App\Jobs\CheckHealthJob
[2021-03-25 06:05:30][10] Processed:  App\Jobs\CheckHealthJob
[2021-03-25 06:05:30][11] Processing: App\Jobs\CheckHealthJob
[2021-03-25 06:05:31][11] Processed:  App\Jobs\CheckHealthJob
[2021-03-25 06:06:46][18] Processing: App\Jobs\CheckHealthJob
[2021-03-25 06:06:46][18] Processed:  App\Jobs\CheckHealthJob
[2021-03-25 06:06:46][19] Processing: App\Jobs\CheckHealthJob
[2021-03-25 06:06:46][19] Processed:  App\Jobs\CheckHealthJob
[2021-03-25 06:06:46][20] Processing: App\Jobs\CheckHealthJob
[2021-03-25 06:06:46][20] Processed:  App\Jobs\CheckHealthJob
[2021-03-25 06:06:46][21] Processing: App\Jobs\CheckHealthJob
[2021-03-25 06:06:46][21] Processed:  App\Jobs\CheckHealthJob
[2021-03-25 06:06:46][22] Processing: App\Jobs\CheckHealthJob
[2021-03-25 06:06:46][22] Processed:  App\Jobs\CheckHealthJob
[2021-03-25 06:06:46][23] Processing: App\Jobs\CheckHealthJob
[2021-03-25 06:06:47][23] Processed:  App\Jobs\CheckHealthJob
[2021-03-25 06:06:47][24] Processing: App\Jobs\CheckHealthJob
[2021-03-25 06:06:48][24] Processed:  App\Jobs\CheckHealthJob
[2021-03-25 06:06:48][25] Processing: App\Jobs\CheckHealthJob
[2021-03-25 06:06:49][25] Processed:  App\Jobs\CheckHealthJob
[2021-03-25 06:06:49][26] Processing: App\Jobs\CheckHealthJob
[2021-03-25 06:06:50][26] Processed:  App\Jobs\CheckHealthJob
[2021-03-25 06:06:50][27] Processing: App\Jobs\CheckHealthJob
[2021-03-25 06:06:51][27] Processed:  App\Jobs\CheckHealthJob
[2021-03-25 06:06:51][28] Processing: App\Jobs\CheckHealthJob
[2021-03-25 06:06:52][28] Processed:  App\Jobs\CheckHealthJob
[2021-03-25 06:07:37][35] Processing: App\Jobs\CheckHealthJob
[2021-03-25 06:07:37][35] Processed:  App\Jobs\CheckHealthJob
[2021-03-25 06:07:37][36] Processing: App\Jobs\CheckHealthJob
[2021-03-25 06:07:37][36] Processed:  App\Jobs\CheckHealthJob
[2021-03-25 06:07:37][37] Processing: App\Jobs\CheckHealthJob
[2021-03-25 06:07:37][37] Processed:  App\Jobs\CheckHealthJob
[2021-03-25 06:07:37][38] Processing: App\Jobs\CheckHealthJob
[2021-03-25 06:07:37][38] Processed:  App\Jobs\CheckHealthJob
[2021-03-25 06:07:37][39] Processing: App\Jobs\CheckHealthJob
[2021-03-25 06:07:37][39] Processed:  App\Jobs\CheckHealthJob
[2021-03-25 06:07:37][40] Processing: App\Jobs\CheckHealthJob
[2021-03-25 06:07:38][40] Processed:  App\Jobs\CheckHealthJob
[2021-03-25 06:07:38][41] Processing: App\Jobs\CheckHealthJob
[2021-03-25 06:07:39][41] Processed:  App\Jobs\CheckHealthJob
[2021-03-25 06:07:39][42] Processing: App\Jobs\CheckHealthJob
[2021-03-25 06:07:40][42] Processed:  App\Jobs\CheckHealthJob
[2021-03-25 06:07:40][43] Processing: App\Jobs\CheckHealthJob
[2021-03-25 06:07:41][43] Processed:  App\Jobs\CheckHealthJob
[2021-03-25 06:07:41][44] Processing: App\Jobs\CheckHealthJob
[2021-03-25 06:07:42][44] Processed:  App\Jobs\CheckHealthJob
[2021-03-25 06:07:42][45] Processing: App\Jobs\CheckHealthJob
[2021-03-25 06:07:43][45] Processed:  App\Jobs\CheckHealthJob
[2021-03-25 06:07:58][52] Processing: App\Jobs\CheckHealthJob
[2021-03-25 06:07:58][52] Processed:  App\Jobs\CheckHealthJob
[2021-03-25 06:07:58][53] Processing: App\Jobs\CheckHealthJob
[2021-03-25 06:07:58][53] Processed:  App\Jobs\CheckHealthJob
[2021-03-25 06:07:58][54] Processing: App\Jobs\CheckHealthJob
[2021-03-25 06:07:58][54] Processed:  App\Jobs\CheckHealthJob
[2021-03-25 06:07:58][55] Processing: App\Jobs\CheckHealthJob
[2021-03-25 06:07:58][55] Processed:  App\Jobs\CheckHealthJob
[2021-03-25 06:07:58][56] Processing: App\Jobs\CheckHealthJob
[2021-03-25 06:07:58][56] Processed:  App\Jobs\CheckHealthJob
[2021-03-25 06:07:58][57] Processing: App\Jobs\CheckHealthJob
[2021-03-25 06:07:59][57] Processed:  App\Jobs\CheckHealthJob
[2021-03-25 06:07:59][58] Processing: App\Jobs\CheckHealthJob
[2021-03-25 06:08:00][58] Processed:  App\Jobs\CheckHealthJob
[2021-03-25 06:08:00][59] Processing: App\Jobs\CheckHealthJob
[2021-03-25 06:08:01][59] Processed:  App\Jobs\CheckHealthJob
[2021-03-25 06:08:01][60] Processing: App\Jobs\CheckHealthJob
[2021-03-25 06:08:02][60] Processed:  App\Jobs\CheckHealthJob
[2021-03-25 06:08:02][61] Processing: App\Jobs\CheckHealthJob
[2021-03-25 06:08:04][61] Processed:  App\Jobs\CheckHealthJob
[2021-03-25 06:08:04][62] Processing: App\Jobs\CheckHealthJob
[2021-03-25 06:08:05][62] Processed:  App\Jobs\CheckHealthJob
[2021-03-25 06:11:47][69] Processing: App\Jobs\CheckHealthJob
[2021-03-25 06:11:48][69] Processed:  App\Jobs\CheckHealthJob
[2021-03-25 06:11:48][70] Processing: App\Jobs\CheckHealthJob
[2021-03-25 06:11:49][70] Processed:  App\Jobs\CheckHealthJob
[2021-03-25 06:11:49][71] Processing: App\Jobs\CheckHealthJob
[2021-03-25 06:11:50][71] Processed:  App\Jobs\CheckHealthJob
[2021-03-25 06:11:50][72] Processing: App\Jobs\CheckHealthJob
[2021-03-25 06:11:51][72] Processed:  App\Jobs\CheckHealthJob
[2021-03-25 06:11:51][73] Processing: App\Jobs\CheckHealthJob
[2021-03-25 06:11:52][73] Processed:  App\Jobs\CheckHealthJob
[2021-03-25 06:11:52][74] Processing: App\Jobs\CheckHealthJob
[2021-03-25 06:11:53][74] Processed:  App\Jobs\CheckHealthJob
[2021-03-25 06:12:14][81] Processing: App\Jobs\CheckHealthJob
[2021-03-25 06:12:15][81] Processed:  App\Jobs\CheckHealthJob
[2021-03-25 06:12:15][82] Processing: App\Jobs\CheckHealthJob
[2021-03-25 06:12:16][82] Processed:  App\Jobs\CheckHealthJob
[2021-03-25 06:12:16][83] Processing: App\Jobs\CheckHealthJob
[2021-03-25 06:12:17][83] Processed:  App\Jobs\CheckHealthJob
[2021-03-25 06:12:17][84] Processing: App\Jobs\CheckHealthJob
[2021-03-25 06:12:18][84] Processed:  App\Jobs\CheckHealthJob
[2021-03-25 06:12:18][85] Processing: App\Jobs\CheckHealthJob
[2021-03-25 06:12:19][85] Processed:  App\Jobs\CheckHealthJob
[2021-03-25 06:12:19][86] Processing: App\Jobs\CheckHealthJob
[2021-03-25 06:12:20][86] Processed:  App\Jobs\CheckHealthJob
[2021-03-25 06:12:20][87] Processing: App\Jobs\CheckHealthJob
[2021-03-25 06:12:21][87] Processed:  App\Jobs\CheckHealthJob
[2021-03-25 06:12:21][88] Processing: App\Jobs\CheckHealthJob
[2021-03-25 06:12:22][88] Processed:  App\Jobs\CheckHealthJob
[2021-03-25 06:12:22][89] Processing: App\Jobs\CheckHealthJob
[2021-03-25 06:12:23][89] Processed:  App\Jobs\CheckHealthJob
[2021-03-25 06:12:23][90] Processing: App\Jobs\CheckHealthJob
[2021-03-25 06:12:24][90] Processed:  App\Jobs\CheckHealthJob
[2021-03-25 06:12:24][91] Processing: App\Jobs\CheckHealthJob
[2021-03-25 06:12:25][91] Processed:  App\Jobs\CheckHealthJob
[2021-03-25 06:12:25][92] Processing: App\Jobs\CheckHealthJob
[2021-03-25 06:12:26][92] Processed:  App\Jobs\CheckHealthJob
[2021-03-25 06:14:18][105] Processing: App\Jobs\CheckHealthJob
[2021-03-25 06:14:19][105] Processed:  App\Jobs\CheckHealthJob
[2021-03-25 06:14:19][106] Processing: App\Jobs\CheckHealthJob
[2021-03-25 06:14:20][106] Processed:  App\Jobs\CheckHealthJob
[2021-03-25 06:14:20][107] Processing: App\Jobs\CheckHealthJob
[2021-03-25 06:14:21][107] Processed:  App\Jobs\CheckHealthJob
[2021-03-25 06:14:21][108] Processing: App\Jobs\CheckHealthJob
[2021-03-25 06:14:22][108] Processed:  App\Jobs\CheckHealthJob
[2021-03-25 06:14:22][109] Processing: App\Jobs\CheckHealthJob
[2021-03-25 06:14:23][109] Processed:  App\Jobs\CheckHealthJob
[2021-03-25 06:14:23][110] Processing: App\Jobs\CheckHealthJob
[2021-03-25 06:14:24][110] Processed:  App\Jobs\CheckHealthJob
[2021-03-25 06:18:33][117] Processing: App\Jobs\CheckHealthJob
[2021-03-25 06:18:34][117] Processed:  App\Jobs\CheckHealthJob
[2021-03-25 06:18:34][118] Processing: App\Jobs\CheckHealthJob
[2021-03-25 06:18:35][118] Processed:  App\Jobs\CheckHealthJob
[2021-03-25 06:18:35][119] Processing: App\Jobs\CheckHealthJob
[2021-03-25 06:18:36][119] Processed:  App\Jobs\CheckHealthJob
[2021-03-25 06:18:36][120] Processing: App\Jobs\CheckHealthJob
[2021-03-25 06:18:37][120] Processed:  App\Jobs\CheckHealthJob
[2021-03-25 06:18:37][121] Processing: App\Jobs\CheckHealthJob
[2021-03-25 06:18:38][121] Processed:  App\Jobs\CheckHealthJob
[2021-03-25 06:18:38][122] Processing: App\Jobs\CheckHealthJob
[2021-03-25 06:18:39][122] Processed:  App\Jobs\CheckHealthJob
[2021-03-25 06:31:01][129] Processing: App\Jobs\CheckHealthJob
[2021-03-25 06:31:02][129] Processed:  App\Jobs\CheckHealthJob
[2021-03-25 06:31:02][130] Processing: App\Jobs\CheckHealthJob
[2021-03-25 06:31:03][130] Processed:  App\Jobs\CheckHealthJob
[2021-03-25 06:31:03][131] Processing: App\Jobs\CheckHealthJob
[2021-03-25 06:31:04][131] Processed:  App\Jobs\CheckHealthJob
[2021-03-25 06:31:04][132] Processing: App\Jobs\CheckHealthJob
[2021-03-25 06:31:06][132] Processed:  App\Jobs\CheckHealthJob
[2021-03-25 06:31:06][133] Processing: App\Jobs\CheckHealthJob
[2021-03-25 06:31:07][133] Processed:  App\Jobs\CheckHealthJob
[2021-03-25 06:31:07][134] Processing: App\Jobs\CheckHealthJob
[2021-03-25 06:31:08][134] Processed:  App\Jobs\CheckHealthJob
[2021-03-25 06:36:59][141] Processing: App\Jobs\CheckHealthJob
[2021-03-25 06:37:00][141] Processed:  App\Jobs\CheckHealthJob
[2021-03-25 06:37:00][142] Processing: App\Jobs\CheckHealthJob
[2021-03-25 06:37:01][142] Processed:  App\Jobs\CheckHealthJob
[2021-03-25 06:37:01][143] Processing: App\Jobs\CheckHealthJob
[2021-03-25 06:37:02][143] Processed:  App\Jobs\CheckHealthJob
[2021-03-25 06:37:02][144] Processing: App\Jobs\CheckHealthJob
[2021-03-25 06:37:03][144] Processed:  App\Jobs\CheckHealthJob
[2021-03-25 06:37:03][145] Processing: App\Jobs\CheckHealthJob
[2021-03-25 06:37:04][145] Processed:  App\Jobs\CheckHealthJob
[2021-03-25 06:37:04][146] Processing: App\Jobs\CheckHealthJob
[2021-03-25 06:37:05][146] Processed:  App\Jobs\CheckHealthJob
[2021-03-25 06:37:29][153] Processing: App\Jobs\CheckHealthJob
[2021-03-25 06:37:30][153] Processed:  App\Jobs\CheckHealthJob
[2021-03-25 06:37:30][154] Processing: App\Jobs\CheckHealthJob
[2021-03-25 06:37:31][154] Processed:  App\Jobs\CheckHealthJob
[2021-03-25 06:37:31][155] Processing: App\Jobs\CheckHealthJob
[2021-03-25 06:37:32][155] Processed:  App\Jobs\CheckHealthJob
[2021-03-25 06:37:32][156] Processing: App\Jobs\CheckHealthJob
[2021-03-25 06:37:33][156] Processed:  App\Jobs\CheckHealthJob
[2021-03-25 06:37:33][157] Processing: App\Jobs\CheckHealthJob
[2021-03-25 06:37:34][157] Processed:  App\Jobs\CheckHealthJob
[2021-03-25 06:37:34][158] Processing: App\Jobs\CheckHealthJob
[2021-03-25 06:37:36][158] Processed:  App\Jobs\CheckHealthJob
[2021-03-25 06:38:48][165] Processing: App\Jobs\CheckHealthJob
[2021-03-25 06:38:49][165] Processed:  App\Jobs\CheckHealthJob
[2021-03-25 06:38:49][166] Processing: App\Jobs\CheckHealthJob
[2021-03-25 06:38:50][166] Processed:  App\Jobs\CheckHealthJob
[2021-03-25 06:38:50][167] Processing: App\Jobs\CheckHealthJob
[2021-03-25 06:38:51][167] Processed:  App\Jobs\CheckHealthJob
[2021-03-25 06:38:51][168] Processing: App\Jobs\CheckHealthJob
[2021-03-25 06:38:52][168] Processed:  App\Jobs\CheckHealthJob
[2021-03-25 06:38:52][169] Processing: App\Jobs\CheckHealthJob
[2021-03-25 06:38:53][169] Processed:  App\Jobs\CheckHealthJob
[2021-03-25 06:38:53][170] Processing: App\Jobs\CheckHealthJob
[2021-03-25 06:38:54][170] Processed:  App\Jobs\CheckHealthJob
[2021-03-25 06:40:09][177] Processing: App\Jobs\CheckHealthJob
[2021-03-25 06:40:10][177] Processed:  App\Jobs\CheckHealthJob
[2021-03-25 06:40:10][178] Processing: App\Jobs\CheckHealthJob
[2021-03-25 06:40:11][178] Processed:  App\Jobs\CheckHealthJob
[2021-03-25 06:40:11][179] Processing: App\Jobs\CheckHealthJob
[2021-03-25 06:40:12][179] Processed:  App\Jobs\CheckHealthJob
[2021-03-25 06:40:12][180] Processing: App\Jobs\CheckHealthJob
[2021-03-25 06:40:13][180] Processed:  App\Jobs\CheckHealthJob
[2021-03-25 06:40:13][181] Processing: App\Jobs\CheckHealthJob
[2021-03-25 06:40:14][181] Processed:  App\Jobs\CheckHealthJob
[2021-03-25 06:40:14][182] Processing: App\Jobs\CheckHealthJob
[2021-03-25 06:40:15][182] Processed:  App\Jobs\CheckHealthJob
[2021-03-25 07:05:17][189] Processing: App\Jobs\CheckHealthJob
[2021-03-25 07:05:18][189] Processed:  App\Jobs\CheckHealthJob
[2021-03-25 07:05:18][190] Processing: App\Jobs\CheckHealthJob
[2021-03-25 07:05:19][190] Processed:  App\Jobs\CheckHealthJob
[2021-03-25 07:05:19][191] Processing: App\Jobs\CheckHealthJob
[2021-03-25 07:05:20][191] Processed:  App\Jobs\CheckHealthJob
[2021-03-25 07:05:20][192] Processing: App\Jobs\CheckHealthJob
[2021-03-25 07:05:21][192] Processed:  App\Jobs\CheckHealthJob
[2021-03-25 07:05:21][193] Processing: App\Jobs\CheckHealthJob
[2021-03-25 07:05:22][193] Processed:  App\Jobs\CheckHealthJob
[2021-03-25 07:05:22][194] Processing: App\Jobs\CheckHealthJob
[2021-03-25 07:05:23][194] Processed:  App\Jobs\CheckHealthJob
[2021-03-25 07:10:03][201] Processing: App\Jobs\CheckHealthJob
[2021-03-25 07:10:04][201] Processed:  App\Jobs\CheckHealthJob
[2021-03-25 07:10:04][202] Processing: App\Jobs\CheckHealthJob
[2021-03-25 07:10:05][202] Processed:  App\Jobs\CheckHealthJob
[2021-03-25 07:10:05][203] Processing: App\Jobs\CheckHealthJob
[2021-03-25 07:10:06][203] Processed:  App\Jobs\CheckHealthJob
[2021-03-25 07:10:06][204] Processing: App\Jobs\CheckHealthJob
[2021-03-25 07:10:07][204] Processed:  App\Jobs\CheckHealthJob
[2021-03-25 07:10:07][205] Processing: App\Jobs\CheckHealthJob
[2021-03-25 07:10:08][205] Processed:  App\Jobs\CheckHealthJob
[2021-03-25 07:10:08][206] Processing: App\Jobs\CheckHealthJob
[2021-03-25 07:10:09][206] Processed:  App\Jobs\CheckHealthJob
[2021-03-25 07:14:39][1] Processing: App\Jobs\CheckHealthJob
[2021-03-25 07:14:40][1] Processed:  App\Jobs\CheckHealthJob
[2021-03-25 07:14:40][2] Processing: App\Jobs\CheckHealthJob
[2021-03-25 07:14:42][2] Processed:  App\Jobs\CheckHealthJob
[2021-03-25 07:14:42][3] Processing: App\Jobs\CheckHealthJob
[2021-03-25 07:14:43][3] Processed:  App\Jobs\CheckHealthJob
[2021-03-25 07:14:43][4] Processing: App\Jobs\CheckHealthJob
[2021-03-25 07:14:44][4] Processed:  App\Jobs\CheckHealthJob
[2021-03-25 07:14:44][5] Processing: App\Jobs\CheckHealthJob
[2021-03-25 07:14:45][5] Processed:  App\Jobs\CheckHealthJob
[2021-03-25 07:14:45][6] Processing: App\Jobs\CheckHealthJob
[2021-03-25 07:14:46][6] Processed:  App\Jobs\CheckHealthJob
[2021-03-25 07:15:52][1] Processing: App\Jobs\CheckHealthJob
[2021-03-25 07:15:52][1] Processed:  App\Jobs\CheckHealthJob
[2021-03-25 07:15:52][2] Processing: App\Jobs\CheckHealthJob
[2021-03-25 07:15:52][2] Processed:  App\Jobs\CheckHealthJob
[2021-03-25 07:15:52][3] Processing: App\Jobs\CheckHealthJob
[2021-03-25 07:15:52][3] Processed:  App\Jobs\CheckHealthJob
[2021-03-25 07:15:52][4] Processing: App\Jobs\CheckHealthJob
[2021-03-25 07:15:52][4] Processed:  App\Jobs\CheckHealthJob
[2021-03-25 07:15:52][5] Processing: App\Jobs\CheckHealthJob
[2021-03-25 07:15:52][5] Processed:  App\Jobs\CheckHealthJob
[2021-03-25 07:15:52][6] Processing: App\Jobs\CheckHealthJob
[2021-03-25 07:15:53][6] Processed:  App\Jobs\CheckHealthJob
[2021-03-25 07:15:53][7] Processing: App\Jobs\CheckHealthJob
[2021-03-25 07:15:54][7] Processed:  App\Jobs\CheckHealthJob
[2021-03-25 07:15:54][8] Processing: App\Jobs\CheckHealthJob
[2021-03-25 07:15:55][8] Processed:  App\Jobs\CheckHealthJob
[2021-03-25 07:15:55][9] Processing: App\Jobs\CheckHealthJob
[2021-03-25 07:15:56][9] Processed:  App\Jobs\CheckHealthJob
[2021-03-25 07:15:56][10] Processing: App\Jobs\CheckHealthJob
[2021-03-25 07:15:57][10] Processed:  App\Jobs\CheckHealthJob
[2021-03-25 07:15:57][11] Processing: App\Jobs\CheckHealthJob
[2021-03-25 07:15:58][11] Processed:  App\Jobs\CheckHealthJob
[2021-03-25 07:41:27][18] Processing: App\Jobs\CheckHealthJob
[2021-03-25 07:41:27][18] Processed:  App\Jobs\CheckHealthJob
[2021-03-25 07:41:45][19] Processing: App\Jobs\CheckHealthJob
[2021-03-25 07:41:45][19] Processed:  App\Jobs\CheckHealthJob
[2021-03-25 07:42:39][20] Processing: App\Jobs\CheckHealthJob
[2021-03-25 07:42:39][20] Processed:  App\Jobs\CheckHealthJob
[2021-03-25 08:05:02][21] Processing: App\Jobs\CheckHealthJob
[2021-03-25 08:05:04][21] Processed:  App\Jobs\CheckHealthJob
[2021-03-25 08:05:04][22] Processing: App\Jobs\CheckHealthJob
[2021-03-25 08:05:05][22] Processed:  App\Jobs\CheckHealthJob
[2021-03-25 08:05:05][23] Processing: App\Jobs\CheckHealthJob
[2021-03-25 08:05:06][23] Processed:  App\Jobs\CheckHealthJob
[2021-03-25 08:05:06][24] Processing: App\Jobs\CheckHealthJob
[2021-03-25 08:05:07][24] Processed:  App\Jobs\CheckHealthJob
[2021-03-25 08:05:07][25] Processing: App\Jobs\CheckHealthJob
[2021-03-25 08:05:08][25] Processed:  App\Jobs\CheckHealthJob
[2021-03-25 08:05:08][26] Processing: App\Jobs\CheckHealthJob
[2021-03-25 08:05:09][26] Processed:  App\Jobs\CheckHealthJob
[2021-03-25 08:05:09][27] Processing: App\Jobs\CheckHealthJob
[2021-03-25 08:06:09][27] Failed:     App\Jobs\CheckHealthJob
/usr/local/bin/run_queue.sh: line 2: 15014 Killed: 9               php ~/Sites/healthcheck/artisan queue:work
[2021-03-25 08:06:10][28] Processing: App\Jobs\CheckHealthJob
[2021-03-25 08:07:10][28] Failed:     App\Jobs\CheckHealthJob
/usr/local/bin/run_queue.sh: line 2: 22873 Killed: 9               php ~/Sites/healthcheck/artisan queue:work
